<?xml version="1.0" encoding="utf-8"?><testsuites name="pytest tests"><testsuite name="pytest" errors="0" failures="0" skipped="0" tests="7" time="3.872" timestamp="2026-09-14T13:19:04.662634+00:00" hostname="agent-env-4fc2c7d1-81ce-41ff-8c5a-5a30f839182c"><testcase classname="tests.test_iter22_modifications" name="test_upload_file_admin_success" time="1.145" /><testcase classname="tests.test_iter22_modifications" name="test_upload_file_tech_forbidden" time="0.615" /><testcase classname="tests.test_iter22_modifications" name="test_instructions_list_contains_files_admin" time="0.155" /><testcase classname="tests.test_iter22_modifications" name="test_instructions_list_contains_files_tech" time="0.192" /><testcase classname="tests.test_iter22_modifications" name="test_files_endpoint_public_download" time="0.418" /><testcase classname="tests.test_iter22_modifications" name="test_delete_file_tech_forbidden" time="0.393" /><testcase classname="tests.test_iter22_modifications" name="test_delete_file_admin_success" time="0.482" /></testsuite></testsuites>