<?xml version="1.0" encoding="utf-8"?><testsuites name="pytest tests"><testsuite name="pytest" errors="0" failures="0" skipped="1" tests="11" time="3.080" timestamp="2026-09-14T12:23:43.039219+00:00" hostname="agent-env-4fc2c7d1-81ce-41ff-8c5a-5a30f839182c"><testcase classname="tests.test_iter19_modifications.TestNotesVisibility" name="test_admin_sees_tech_note" time="0.719" /><testcase classname="tests.test_iter19_modifications.TestInstructions" name="test_list_open_to_all" time="0.856" /><testcase classname="tests.test_iter19_modifications.TestNotesVisibility" name="test_admin_sees_espletato_note" time="0.139" /><testcase classname="tests.test_iter19_modifications.TestInstructions" name="test_tech_cannot_create" time="0.138" /><testcase classname="tests.test_iter19_modifications.TestNotesVisibility" name="test_tech_sees_own_note" time="0.680" /><testcase classname="tests.test_iter19_modifications.TestNotesVisibility" name="test_tech_does_not_see_admin_note" time="0.209" /><testcase classname="tests.test_iter19_modifications.TestInstructions" name="test_admin_crud" time="1.331" /><testcase classname="tests.test_iter19_modifications.TestEmailRecipients" name="test_get_default" time="0.177" /><testcase classname="tests.test_iter19_modifications.TestEmailRecipients" name="test_put_and_persist" time="0.571" /><testcase classname="tests.test_iter19_modifications.TestInstructions" name="test_create_empty_title_rejected" time="0.137" /><testcase classname="tests.test_iter19_modifications.TestNoteEditContract" name="test_patch_note_returns_updated" time="0.148"><skipped type="pytest.skip" message="no admin-owned notes">/app/backend/tests/test_iter19_modifications.py:129: no admin-owned notes</skipped></testcase></testsuite></testsuites>