<?xml version="1.0" encoding="utf-8"?><testsuites name="pytest tests"><testsuite name="pytest" errors="0" failures="0" skipped="0" tests="6" time="3.636" timestamp="2026-09-14T12:55:57.685122+00:00" hostname="agent-env-4fc2c7d1-81ce-41ff-8c5a-5a30f839182c"><testcase classname="tests.test_iter20_modifications.TestInstructions" name="test_list_sorted_by_order" time="0.649" /><testcase classname="tests.test_iter20_modifications.TestAutoSyncBackend" name="test_create_note_set_cpe_espletato_and_sync" time="1.449" /><testcase classname="tests.test_iter20_modifications.TestInstructions" name="test_create_two_and_reorder" time="0.814" /><testcase classname="tests.test_iter20_modifications.TestInstructions" name="test_upload_and_delete_image" time="0.499" /><testcase classname="tests.test_iter20_modifications.TestInstructions" name="test_non_admin_forbidden" time="0.875" /><testcase classname="tests.test_iter20_modifications.TestInstructions" name="test_cleanup" time="0.292" /></testsuite></testsuites>