<?xml version="1.0" encoding="utf-8"?><testsuites name="pytest tests"><testsuite name="pytest" errors="0" failures="0" skipped="0" tests="5" time="3.971" timestamp="2026-09-14T13:08:18.129930+00:00" hostname="agent-env-4fc2c7d1-81ce-41ff-8c5a-5a30f839182c"><testcase classname="tests.test_iter21_modifications.TestBulkUpdate" name="test_bulk_update_tag" time="1.398" /><testcase classname="tests.test_iter21_modifications.TestUnsyncNote" name="test_unsync_reverts_serials_and_note" time="2.300" /><testcase classname="tests.test_iter21_modifications.TestBulkUpdate" name="test_bulk_assign_and_unassign" time="1.292" /><testcase classname="tests.test_iter21_modifications.TestUnsyncNote" name="test_unsync_on_note_with_no_synced_serials" time="0.427" /><testcase classname="tests.test_iter21_modifications.TestBulkUpdate" name="test_bulk_update_forbidden_for_tech" time="0.791" /></testsuite></testsuites>